
2021-05-19 05:06:20 ERROR rejectedExecution:844 - Failed to submit a listener notification task. Event loop shut down?
java.util.concurrent.RejectedExecutionException: event executor terminated
	at io.netty.util.concurrent.SingleThreadEventExecutor.reject(SingleThreadEventExecutor.java:926)
	at io.netty.util.concurrent.SingleThreadEventExecutor.offerTask(SingleThreadEventExecutor.java:353)
	at io.netty.util.concurrent.SingleThreadEventExecutor.addTask(SingleThreadEventExecutor.java:346)
	at io.netty.util.concurrent.SingleThreadEventExecutor.execute(SingleThreadEventExecutor.java:828)
	at io.netty.util.concurrent.SingleThreadEventExecutor.execute(SingleThreadEventExecutor.java:818)
	at io.netty.util.concurrent.DefaultPromise.safeExecute(DefaultPromise.java:842)
	at io.netty.util.concurrent.DefaultPromise.notifyListenerWithStackOverFlowProtection(DefaultPromise.java:529)
	at io.netty.util.concurrent.DefaultPromise.notifyListener(DefaultPromise.java:477)
	at io.netty.util.concurrent.CompleteFuture.addListener(CompleteFuture.java:48)
	at io.vertx.core.http.impl.HttpServerImpl.listen(HttpServerImpl.java:216)
	at io.vertx.core.http.impl.HttpServerImpl.listen(HttpServerImpl.java:143)
	at io.vertx.core.http.impl.HttpServerImpl.listen(HttpServerImpl.java:148)
	at com.safenetpay.department.controller.WebVerticle.lambda$2(WebVerticle.java:37)
	at io.vertx.core.Future.future(Future.java:42)
	at com.safenetpay.department.controller.WebVerticle.startHTTPServer(WebVerticle.java:37)
	at io.vertx.core.impl.future.Composition.onSuccess(Composition.java:38)
	at io.vertx.core.impl.future.FutureBase.emitSuccess(FutureBase.java:62)
	at io.vertx.core.impl.future.FutureImpl.addListener(FutureImpl.java:164)
	at io.vertx.core.impl.future.PromiseImpl.addListener(PromiseImpl.java:23)
	at io.vertx.core.impl.future.FutureBase.compose(FutureBase.java:105)
	at io.vertx.core.impl.future.PromiseImpl.compose(PromiseImpl.java:23)
	at io.vertx.core.Future.compose(Future.java:199)
	at com.safenetpay.department.controller.WebVerticle.start(WebVerticle.java:15)
	at io.vertx.core.impl.DeploymentManager.lambda$doDeploy$5(DeploymentManager.java:196)
	at io.vertx.core.impl.AbstractContext.dispatch(AbstractContext.java:96)
	at io.vertx.core.impl.AbstractContext.dispatch(AbstractContext.java:59)
	at io.vertx.core.impl.EventLoopContext.lambda$runOnContext$0(EventLoopContext.java:40)
	at io.netty.util.concurrent.AbstractEventExecutor.safeExecute(AbstractEventExecutor.java:164)
	at io.netty.util.concurrent.SingleThreadEventExecutor.runAllTasks(SingleThreadEventExecutor.java:472)
	at io.netty.channel.nio.NioEventLoop.run(NioEventLoop.java:500)
	at io.netty.util.concurrent.SingleThreadEventExecutor$4.run(SingleThreadEventExecutor.java:989)
	at io.netty.util.internal.ThreadExecutorMap$2.run(ThreadExecutorMap.java:74)
	at io.netty.util.concurrent.FastThreadLocalRunnable.run(FastThreadLocalRunnable.java:30)
	at java.base/java.lang.Thread.run(Thread.java:834)
2021-05-19 05:09:12 ERROR rejectedExecution:844 - Failed to submit a listener notification task. Event loop shut down?
java.util.concurrent.RejectedExecutionException: event executor terminated
	at io.netty.util.concurrent.SingleThreadEventExecutor.reject(SingleThreadEventExecutor.java:926)
	at io.netty.util.concurrent.SingleThreadEventExecutor.offerTask(SingleThreadEventExecutor.java:353)
	at io.netty.util.concurrent.SingleThreadEventExecutor.addTask(SingleThreadEventExecutor.java:346)
	at io.netty.util.concurrent.SingleThreadEventExecutor.execute(SingleThreadEventExecutor.java:828)
	at io.netty.util.concurrent.SingleThreadEventExecutor.execute(SingleThreadEventExecutor.java:818)
	at io.netty.util.concurrent.DefaultPromise.safeExecute(DefaultPromise.java:842)
	at io.netty.util.concurrent.DefaultPromise.notifyListenerWithStackOverFlowProtection(DefaultPromise.java:529)
	at io.netty.util.concurrent.DefaultPromise.notifyListener(DefaultPromise.java:477)
	at io.netty.util.concurrent.CompleteFuture.addListener(CompleteFuture.java:48)
	at io.vertx.core.http.impl.HttpServerImpl.listen(HttpServerImpl.java:216)
	at io.vertx.core.http.impl.HttpServerImpl.listen(HttpServerImpl.java:143)
	at io.vertx.core.http.impl.HttpServerImpl.listen(HttpServerImpl.java:148)
	at com.safenetpay.department.controller.WebVerticle.lambda$2(WebVerticle.java:37)
	at io.vertx.core.Future.future(Future.java:42)
	at com.safenetpay.department.controller.WebVerticle.startHTTPServer(WebVerticle.java:37)
	at io.vertx.core.impl.future.Composition.onSuccess(Composition.java:38)
	at io.vertx.core.impl.future.FutureBase.emitSuccess(FutureBase.java:62)
	at io.vertx.core.impl.future.FutureImpl.addListener(FutureImpl.java:164)
	at io.vertx.core.impl.future.PromiseImpl.addListener(PromiseImpl.java:23)
	at io.vertx.core.impl.future.FutureBase.compose(FutureBase.java:105)
	at io.vertx.core.impl.future.PromiseImpl.compose(PromiseImpl.java:23)
	at io.vertx.core.Future.compose(Future.java:199)
	at com.safenetpay.department.controller.WebVerticle.start(WebVerticle.java:15)
	at io.vertx.core.impl.DeploymentManager.lambda$doDeploy$5(DeploymentManager.java:196)
	at io.vertx.core.impl.AbstractContext.dispatch(AbstractContext.java:96)
	at io.vertx.core.impl.AbstractContext.dispatch(AbstractContext.java:59)
	at io.vertx.core.impl.EventLoopContext.lambda$runOnContext$0(EventLoopContext.java:40)
	at io.netty.util.concurrent.AbstractEventExecutor.safeExecute(AbstractEventExecutor.java:164)
	at io.netty.util.concurrent.SingleThreadEventExecutor.runAllTasks(SingleThreadEventExecutor.java:472)
	at io.netty.channel.nio.NioEventLoop.run(NioEventLoop.java:500)
	at io.netty.util.concurrent.SingleThreadEventExecutor$4.run(SingleThreadEventExecutor.java:989)
	at io.netty.util.internal.ThreadExecutorMap$2.run(ThreadExecutorMap.java:74)
	at io.netty.util.concurrent.FastThreadLocalRunnable.run(FastThreadLocalRunnable.java:30)
	at java.base/java.lang.Thread.run(Thread.java:834)
2021-05-19 05:09:51 ERROR rejectedExecution:844 - Failed to submit a listener notification task. Event loop shut down?
java.util.concurrent.RejectedExecutionException: event executor terminated
	at io.netty.util.concurrent.SingleThreadEventExecutor.reject(SingleThreadEventExecutor.java:926)
	at io.netty.util.concurrent.SingleThreadEventExecutor.offerTask(SingleThreadEventExecutor.java:353)
	at io.netty.util.concurrent.SingleThreadEventExecutor.addTask(SingleThreadEventExecutor.java:346)
	at io.netty.util.concurrent.SingleThreadEventExecutor.execute(SingleThreadEventExecutor.java:828)
	at io.netty.util.concurrent.SingleThreadEventExecutor.execute(SingleThreadEventExecutor.java:818)
	at io.netty.util.concurrent.DefaultPromise.safeExecute(DefaultPromise.java:842)
	at io.netty.util.concurrent.DefaultPromise.notifyListenerWithStackOverFlowProtection(DefaultPromise.java:529)
	at io.netty.util.concurrent.DefaultPromise.notifyListener(DefaultPromise.java:477)
	at io.netty.util.concurrent.CompleteFuture.addListener(CompleteFuture.java:48)
	at io.vertx.core.http.impl.HttpServerImpl.listen(HttpServerImpl.java:216)
	at io.vertx.core.http.impl.HttpServerImpl.listen(HttpServerImpl.java:143)
	at io.vertx.core.http.impl.HttpServerImpl.listen(HttpServerImpl.java:148)
	at com.safenetpay.department.controller.WebVerticle.lambda$2(WebVerticle.java:37)
	at io.vertx.core.Future.future(Future.java:42)
	at com.safenetpay.department.controller.WebVerticle.startHTTPServer(WebVerticle.java:37)
	at io.vertx.core.impl.future.Composition.onSuccess(Composition.java:38)
	at io.vertx.core.impl.future.FutureBase.emitSuccess(FutureBase.java:62)
	at io.vertx.core.impl.future.FutureImpl.addListener(FutureImpl.java:164)
	at io.vertx.core.impl.future.PromiseImpl.addListener(PromiseImpl.java:23)
	at io.vertx.core.impl.future.FutureBase.compose(FutureBase.java:105)
	at io.vertx.core.impl.future.PromiseImpl.compose(PromiseImpl.java:23)
	at io.vertx.core.Future.compose(Future.java:199)
	at com.safenetpay.department.controller.WebVerticle.start(WebVerticle.java:15)
	at io.vertx.core.impl.DeploymentManager.lambda$doDeploy$5(DeploymentManager.java:196)
	at io.vertx.core.impl.AbstractContext.dispatch(AbstractContext.java:96)
	at io.vertx.core.impl.AbstractContext.dispatch(AbstractContext.java:59)
	at io.vertx.core.impl.EventLoopContext.lambda$runOnContext$0(EventLoopContext.java:40)
	at io.netty.util.concurrent.AbstractEventExecutor.safeExecute(AbstractEventExecutor.java:164)
	at io.netty.util.concurrent.SingleThreadEventExecutor.runAllTasks(SingleThreadEventExecutor.java:472)
	at io.netty.channel.nio.NioEventLoop.run(NioEventLoop.java:500)
	at io.netty.util.concurrent.SingleThreadEventExecutor$4.run(SingleThreadEventExecutor.java:989)
	at io.netty.util.internal.ThreadExecutorMap$2.run(ThreadExecutorMap.java:74)
	at io.netty.util.concurrent.FastThreadLocalRunnable.run(FastThreadLocalRunnable.java:30)
	at java.base/java.lang.Thread.run(Thread.java:834)
